d:\file\visual studio 2015\projects\ffmpeg-转码\ffmpeg-转码\debug\ffmpeg.obj
d:\file\visual studio 2015\projects\ffmpeg-转码\ffmpeg-转码\debug\main.obj
d:\file\visual studio 2015\projects\ffmpeg-转码\ffmpeg-转码\debug\vc140.pdb
d:\file\visual studio 2015\projects\ffmpeg-转码\ffmpeg-转码\debug\moc_ffmpeg.obj
d:\file\visual studio 2015\projects\ffmpeg-转码\ffmpeg-转码\debug\qrc_ffmpeg.obj
d:\file\visual studio 2015\projects\ffmpeg-转码\ffmpeg-转码\debug\uic\ui_ffmpeg.h
d:\file\visual studio 2015\projects\ffmpeg-转码\ffmpeg-转码\debug\rcc\qrc_ffmpeg.cpp
d:\file\visual studio 2015\projects\ffmpeg-转码\ffmpeg-转码\debug\moc\moc_ffmpeg.cpp
d:\file\visual studio 2015\projects\ffmpeg-转码\ffmpeg-转码\debug\\moc\moc_ffmpeg.cpp
d:\file\visual studio 2015\projects\ffmpeg-转码\ffmpeg-转码\debug\\rcc\qrc_ffmpeg.cpp
d:\file\visual studio 2015\projects\ffmpeg-转码\ffmpeg-转码\debug\\uic\ui_ffmpeg.h
d:\file\visual studio 2015\projects\ffmpeg-转码\debug\ffmpeg-转码.pdb
d:\file\visual studio 2015\projects\ffmpeg-转码\ffmpeg-转码\debug\ffmpeg-转码.tlog\cl.command.1.tlog
d:\file\visual studio 2015\projects\ffmpeg-转码\ffmpeg-转码\debug\ffmpeg-转码.tlog\cl.read.1.tlog
d:\file\visual studio 2015\projects\ffmpeg-转码\ffmpeg-转码\debug\ffmpeg-转码.tlog\cl.write.1.tlog
d:\file\visual studio 2015\projects\ffmpeg-转码\ffmpeg-转码\debug\ffmpeg-转码.tlog\ffmpeg-转码.write.1u.tlog
d:\file\visual studio 2015\projects\ffmpeg-转码\ffmpeg-转码\debug\ffmpeg-转码.tlog\link-cvtres.read.1.tlog
d:\file\visual studio 2015\projects\ffmpeg-转码\ffmpeg-转码\debug\ffmpeg-转码.tlog\link-cvtres.write.1.tlog
d:\file\visual studio 2015\projects\ffmpeg-转码\ffmpeg-转码\debug\ffmpeg-转码.tlog\link-rc.read.1.tlog
d:\file\visual studio 2015\projects\ffmpeg-转码\ffmpeg-转码\debug\ffmpeg-转码.tlog\link-rc.write.1.tlog
d:\file\visual studio 2015\projects\ffmpeg-转码\ffmpeg-转码\debug\ffmpeg-转码.tlog\link.command.1.tlog
d:\file\visual studio 2015\projects\ffmpeg-转码\ffmpeg-转码\debug\ffmpeg-转码.tlog\link.read.1.tlog
d:\file\visual studio 2015\projects\ffmpeg-转码\ffmpeg-转码\debug\ffmpeg-转码.tlog\link.write.1.tlog
d:\file\visual studio 2015\projects\ffmpeg-转码\ffmpeg-转码\debug\ffmpeg-转码.tlog\moc.read.1u.tlog
d:\file\visual studio 2015\projects\ffmpeg-转码\ffmpeg-转码\debug\ffmpeg-转码.tlog\moc.write.1u.tlog
d:\file\visual studio 2015\projects\ffmpeg-转码\ffmpeg-转码\debug\ffmpeg-转码.tlog\rcc.read.1u.tlog
d:\file\visual studio 2015\projects\ffmpeg-转码\ffmpeg-转码\debug\ffmpeg-转码.tlog\rcc.write.1u.tlog
d:\file\visual studio 2015\projects\ffmpeg-转码\ffmpeg-转码\debug\ffmpeg-转码.tlog\uic.read.1u.tlog
d:\file\visual studio 2015\projects\ffmpeg-转码\ffmpeg-转码\debug\ffmpeg-转码.tlog\uic.write.1u.tlog
